2025-06-16 10:22:08, Error                        0x80070002 in PushButtonReset::RegKey::HasValue (base\reset\util\src\registry.cpp:187): Failed to load subkey at [Microsoft\Windows\Signature][gle=0x00000002]
2025-06-16 10:22:08, Error                        0x80070002 in PbrGetRestoreToBaselineVal (base\reset\engine\scenario\src\sensetargetos.cpp:69): Does not find registry key of PushButtonReset[gle=0x00000002]
2025-06-16 10:22:08, Error                        0x80070002 in PbrGetEnablePreviewBuilds (base\reset\engine\scenario\src\sensetargetos.cpp:896): Unable to get the EnablePreviewBuilds value from the registry[gle=0x00000002]
2025-06-16 10:22:15, Error                        pGetUninstallInterfaceCommon: Failed loading the setupplatform, hr = 0x80070490[gle=0x00000003]
2025-06-16 10:22:15, Error                        0x80070002 in PbrGetWebAPISelection (base\reset\engine\cloud\src\webapiconnection.cpp:135): Failed to open registry key of PushButtonReset
2025-06-16 10:22:39, Error                        CDeploymentSession::IsRangeRequestSupported(4520): Result = 0x80040154
2025-06-16 10:22:39, Error                        IsRangeRequestSupported failed with: [80040154 [Error,Facility=FACILITY_ITF,Code=340 (0x0154)]]. Setting RangeRequestSupported to FALSE
2025-06-16 10:22:40, Error                        0x80070002 in PushButtonReset::WimArchive::Open (base\reset\util\src\wim.cpp:237): Failed to open WIM archive [C:\$SysReset\CloudImage\professional_en-us.esd][gle=0x00000002]
2025-06-16 11:07:27, Error                        0x80070003 in PushButtonReset::File::GetSize (base\reset\util\src\filesystem.cpp:2873): Failed to get find data for [C:\$SysReset\CloudImage\Package_for_RollupFix~~amd64~~26100.4349.1.13\amd64_microsoft-windows-fileexplorer.appxmain_31bf3856ad364e35_10.0.26100.4202_none_054286f5ad6171bd\f\squaretile44x44.targetsize-256_altform-unplated_contrast-black_devicefamily-colorfulunplated.png][gle=0x00000003]
2025-06-16 11:07:27, Error                        0x80070003 in PushButtonReset::Directory::GetSize (base\reset\util\src\filesystem.cpp:1652): Failed to get size of [squaretile44x44.targetsize-256_altform-unplated_contrast-black_devicefamily-colorfulunplated.png] below [C:\$SysReset\CloudImage\Package_for_RollupFix~~amd64~~26100.4349.1.13\amd64_microsoft-windows-fileexplorer.appxmain_31bf3856ad364e35_10.0.26100.4202_none_054286f5ad6171bd\f][gle=0x00000003]
2025-06-16 11:07:27, Error                        0x80070003 in PushButtonReset::Directory::GetSize (base\reset\util\src\filesystem.cpp:1629): Failed to get size of [f] below [C:\$SysReset\CloudImage\Package_for_RollupFix~~amd64~~26100.4349.1.13\amd64_microsoft-windows-fileexplorer.appxmain_31bf3856ad364e35_10.0.26100.4202_none_054286f5ad6171bd][gle=0x00000003]
2025-06-16 11:07:27, Error                        0x80070003 in PushButtonReset::Directory::GetSize (base\reset\util\src\filesystem.cpp:1629): Failed to get size of [amd64_microsoft-windows-fileexplorer.appxmain_31bf3856ad364e35_10.0.26100.4202_none_054286f5ad6171bd] below [C:\$SysReset\CloudImage\Package_for_RollupFix~~amd64~~26100.4349.1.13][gle=0x00000003]
2025-06-16 11:07:27, Error                        0x80070003 in PushButtonReset::Directory::GetSize (base\reset\util\src\filesystem.cpp:1629): Failed to get size of [Package_for_RollupFix~~amd64~~26100.4349.1.13] below [C:\$SysReset\CloudImage][gle=0x00000003]
2025-06-16 11:07:27, Error                        0x800703ed in PushButtonReset::Path::SameVolume (base\reset\util\src\filesystem.cpp:774): Failed to look up volume GUID for [\\?\GLOBALROOT\device\harddisk0\partition2\][gle=0x000003ed]
2025-06-16 11:07:27, Error                        0x800703ed in PushButtonReset::Path::SameVolume (base\reset\util\src\filesystem.cpp:774): Failed to look up volume GUID for [\\?\GLOBALROOT\device\harddisk0\partition2\][gle=0x000003ed]
2025-06-16 11:07:27, Error                        0x800703ed in PushButtonReset::Path::SameVolume (base\reset\util\src\filesystem.cpp:774): Failed to look up volume GUID for [\\?\GLOBALROOT\device\harddisk0\partition2\][gle=0x000003ed]
2025-06-16 11:07:27, Error                        0x800703ed in PushButtonReset::Path::SameVolume (base\reset\util\src\filesystem.cpp:774): Failed to look up volume GUID for [\\?\GLOBALROOT\device\harddisk0\partition2\][gle=0x000003ed]
2025-06-16 11:07:27, Error                        0x800703ed in PushButtonReset::Path::SameVolume (base\reset\util\src\filesystem.cpp:774): Failed to look up volume GUID for [\\?\GLOBALROOT\device\harddisk0\partition2\][gle=0x000003ed]
2025-06-16 11:07:27, Error                        0x800703ed in PushButtonReset::Path::SameVolume (base\reset\util\src\filesystem.cpp:774): Failed to look up volume GUID for [\\?\GLOBALROOT\device\harddisk0\partition2\][gle=0x000003ed]
2025-06-16 11:07:27, Error                        0x800703ed in PushButtonReset::Path::SameVolume (base\reset\util\src\filesystem.cpp:774): Failed to look up volume GUID for [\\?\GLOBALROOT\device\harddisk0\partition2\][gle=0x000003ed]
2025-06-16 11:07:27, Error                        0x800703ed in PushButtonReset::Path::SameVolume (base\reset\util\src\filesystem.cpp:774): Failed to look up volume GUID for [\\?\GLOBALROOT\device\harddisk0\partition2\][gle=0x000003ed]
2025-06-16 11:07:27, Error                        0x800703ed in PushButtonReset::Path::SameVolume (base\reset\util\src\filesystem.cpp:774): Failed to look up volume GUID for [\\?\GLOBALROOT\device\harddisk0\partition2\][gle=0x000003ed]
2025-06-16 11:07:28, Error                        0x800703ed in PushButtonReset::Path::SameVolume (base\reset\util\src\filesystem.cpp:774): Failed to look up volume GUID for [\\?\GLOBALROOT\device\harddisk0\partition2\][gle=0x000003ed]
2025-06-16 11:07:28, Error                        0x800703ed in PushButtonReset::Path::SameVolume (base\reset\util\src\filesystem.cpp:774): Failed to look up volume GUID for [\\?\GLOBALROOT\device\harddisk0\partition2\][gle=0x000003ed]
2025-06-16 11:07:28, Error                        0x800703ed in PushButtonReset::Path::SameVolume (base\reset\util\src\filesystem.cpp:774): Failed to look up volume GUID for [\\?\GLOBALROOT\device\harddisk0\partition2\][gle=0x000003ed]
2025-06-16 11:07:28, Error                        0x800703ed in PushButtonReset::Path::SameVolume (base\reset\util\src\filesystem.cpp:774): Failed to look up volume GUID for [\\?\GLOBALROOT\device\harddisk0\partition2\][gle=0x000003ed]
2025-06-16 11:07:28, Error                        0x800703ed in PushButtonReset::Path::SameVolume (base\reset\util\src\filesystem.cpp:774): Failed to look up volume GUID for [\\?\GLOBALROOT\device\harddisk0\partition2\][gle=0x000003ed]
2025-06-16 11:07:28, Error                        0x800703ed in PushButtonReset::Path::SameVolume (base\reset\util\src\filesystem.cpp:774): Failed to look up volume GUID for [\\?\GLOBALROOT\device\harddisk0\partition2\][gle=0x000003ed]
2025-06-16 11:07:28, Error                        0x800703ed in PushButtonReset::Path::SameVolume (base\reset\util\src\filesystem.cpp:774): Failed to look up volume GUID for [\\?\GLOBALROOT\device\harddisk0\partition2\][gle=0x000003ed]
2025-06-16 11:07:28, Error                        0x800703ed in PushButtonReset::Path::SameVolume (base\reset\util\src\filesystem.cpp:774): Failed to look up volume GUID for [\\?\GLOBALROOT\device\harddisk0\partition2\][gle=0x000003ed]
2025-06-16 11:07:28, Error                        0x800703ed in PushButtonReset::Path::SameVolume (base\reset\util\src\filesystem.cpp:774): Failed to look up volume GUID for [\\?\GLOBALROOT\device\harddisk0\partition2\][gle=0x000003ed]
2025-06-16 11:07:28, Error                        0x800703ed in PushButtonReset::Path::SameVolume (base\reset\util\src\filesystem.cpp:774): Failed to look up volume GUID for [\\?\GLOBALROOT\device\harddisk0\partition2\][gle=0x000003ed]
2025-06-16 11:07:28, Error                        0x800703ed in PushButtonReset::Path::SameVolume (base\reset\util\src\filesystem.cpp:774): Failed to look up volume GUID for [\\?\GLOBALROOT\device\harddisk0\partition2\][gle=0x000003ed]
2025-06-16 11:07:28, Error                        0x800703ed in PushButtonReset::Path::SameVolume (base\reset\util\src\filesystem.cpp:774): Failed to look up volume GUID for [\\?\GLOBALROOT\device\harddisk0\partition2\][gle=0x000003ed]
2025-06-16 11:07:28, Error                        0x800703ed in PushButtonReset::Path::SameVolume (base\reset\util\src\filesystem.cpp:774): Failed to look up volume GUID for [\\?\GLOBALROOT\device\harddisk0\partition2\][gle=0x000003ed]
2025-06-16 11:07:28, Error                        0x800703ed in PushButtonReset::Path::SameVolume (base\reset\util\src\filesystem.cpp:774): Failed to look up volume GUID for [\\?\GLOBALROOT\device\harddisk0\partition2\][gle=0x000003ed]
2025-06-16 11:07:28, Error                        0x800703ed in PushButtonReset::Path::SameVolume (base\reset\util\src\filesystem.cpp:774): Failed to look up volume GUID for [\\?\GLOBALROOT\device\harddisk0\partition2\][gle=0x000003ed]
2025-06-16 11:07:28, Error                        0x800703ed in PushButtonReset::Path::SameVolume (base\reset\util\src\filesystem.cpp:774): Failed to look up volume GUID for [\\?\GLOBALROOT\device\harddisk0\partition2\][gle=0x000003ed]
2025-06-16 11:07:28, Error                        0x800703ed in PushButtonReset::Path::SameVolume (base\reset\util\src\filesystem.cpp:774): Failed to look up volume GUID for [\\?\GLOBALROOT\device\harddisk0\partition2\][gle=0x000003ed]
2025-06-16 11:07:28, Error                        0x800703ed in PushButtonReset::Path::SameVolume (base\reset\util\src\filesystem.cpp:774): Failed to look up volume GUID for [\\?\GLOBALROOT\device\harddisk0\partition2\][gle=0x000003ed]
2025-06-16 11:07:28, Error                        0x800703ed in PushButtonReset::Path::SameVolume (base\reset\util\src\filesystem.cpp:774): Failed to look up volume GUID for [\\?\GLOBALROOT\device\harddisk0\partition2\][gle=0x000003ed]
2025-06-16 11:07:28, Error                        0x800703ed in PushButtonReset::Path::SameVolume (base\reset\util\src\filesystem.cpp:774): Failed to look up volume GUID for [\\?\GLOBALROOT\device\harddisk0\partition2\][gle=0x000003ed]
2025-06-16 11:07:28, Error                        0x800703ed in PushButtonReset::Path::SameVolume (base\reset\util\src\filesystem.cpp:774): Failed to look up volume GUID for [\\?\GLOBALROOT\device\harddisk0\partition2\][gle=0x000003ed]
2025-06-16 11:07:28, Error                        0x800703ed in PushButtonReset::Path::SameVolume (base\reset\util\src\filesystem.cpp:774): Failed to look up volume GUID for [\\?\GLOBALROOT\device\harddisk0\partition2\][gle=0x000003ed]
2025-06-16 11:07:28, Error                        0x800703ed in PushButtonReset::Path::SameVolume (base\reset\util\src\filesystem.cpp:774): Failed to look up volume GUID for [\\?\GLOBALROOT\device\harddisk0\partition2\][gle=0x000003ed]
2025-06-16 11:07:28, Error                        0x800703ed in PushButtonReset::Path::SameVolume (base\reset\util\src\filesystem.cpp:774): Failed to look up volume GUID for [\\?\GLOBALROOT\device\harddisk0\partition2\][gle=0x000003ed]
2025-06-16 11:07:28, Error                        0x800703ed in PushButtonReset::Path::SameVolume (base\reset\util\src\filesystem.cpp:774): Failed to look up volume GUID for [\\?\GLOBALROOT\device\harddisk0\partition2\][gle=0x000003ed]
2025-06-16 11:07:28, Error                        0x800703ed in PushButtonReset::Path::SameVolume (base\reset\util\src\filesystem.cpp:774): Failed to look up volume GUID for [\\?\GLOBALROOT\device\harddisk0\partition2\][gle=0x000003ed]
2025-06-16 11:07:28, Error                        0x800703ed in PushButtonReset::Path::SameVolume (base\reset\util\src\filesystem.cpp:774): Failed to look up volume GUID for [\\?\GLOBALROOT\device\harddisk0\partition2\][gle=0x000003ed]
2025-06-16 11:07:28, Error                        0x800703ed in PushButtonReset::Path::SameVolume (base\reset\util\src\filesystem.cpp:774): Failed to look up volume GUID for [\\?\GLOBALROOT\device\harddisk0\partition2\][gle=0x000003ed]
2025-06-16 11:07:28, Error                        0x800703ed in PushButtonReset::Path::SameVolume (base\reset\util\src\filesystem.cpp:774): Failed to look up volume GUID for [\\?\GLOBALROOT\device\harddisk0\partition2\][gle=0x000003ed]
2025-06-16 11:07:28, Error                        0x800703ed in PushButtonReset::Path::SameVolume (base\reset\util\src\filesystem.cpp:774): Failed to look up volume GUID for [\\?\GLOBALROOT\device\harddisk0\partition2\][gle=0x000003ed]
2025-06-16 11:07:28, Error                        0x800703ed in PushButtonReset::Path::SameVolume (base\reset\util\src\filesystem.cpp:774): Failed to look up volume GUID for [\\?\GLOBALROOT\device\harddisk0\partition2\][gle=0x000003ed]
2025-06-16 11:07:28, Error                        0x800703ed in PushButtonReset::Path::SameVolume (base\reset\util\src\filesystem.cpp:774): Failed to look up volume GUID for [\\?\GLOBALROOT\device\harddisk0\partition2\][gle=0x000003ed]
2025-06-16 11:07:28, Error                        0x800703ed in PushButtonReset::Path::SameVolume (base\reset\util\src\filesystem.cpp:774): Failed to look up volume GUID for [\\?\GLOBALROOT\device\harddisk0\partition2\][gle=0x000003ed]
2025-06-16 11:07:28, Error                        0x800703ed in PushButtonReset::Path::SameVolume (base\reset\util\src\filesystem.cpp:774): Failed to look up volume GUID for [\\?\GLOBALROOT\device\harddisk0\partition2\][gle=0x000003ed]
2025-06-16 11:07:28, Error                        0x800703ed in PushButtonReset::Path::SameVolume (base\reset\util\src\filesystem.cpp:774): Failed to look up volume GUID for [\\?\GLOBALROOT\device\harddisk0\partition2\][gle=0x000003ed]
2025-06-16 11:07:28, Error                        0x800703ed in PushButtonReset::Path::SameVolume (base\reset\util\src\filesystem.cpp:774): Failed to look up volume GUID for [\\?\GLOBALROOT\device\harddisk0\partition2\][gle=0x000003ed]
2025-06-16 11:07:28, Error                        0x800703ed in PushButtonReset::Path::SameVolume (base\reset\util\src\filesystem.cpp:774): Failed to look up volume GUID for [\\?\GLOBALROOT\device\harddisk0\partition2\][gle=0x000003ed]
2025-06-16 11:07:28, Error                        0x800703ed in PushButtonReset::Path::SameVolume (base\reset\util\src\filesystem.cpp:774): Failed to look up volume GUID for [\\?\GLOBALROOT\device\harddisk0\partition2\][gle=0x000003ed]
2025-06-16 11:07:28, Error                        0x800703ed in PushButtonReset::Path::SameVolume (base\reset\util\src\filesystem.cpp:774): Failed to look up volume GUID for [\\?\GLOBALROOT\device\harddisk0\partition2\][gle=0x000003ed]
2025-06-16 11:07:28, Error                        0x800703ed in PushButtonReset::Path::SameVolume (base\reset\util\src\filesystem.cpp:774): Failed to look up volume GUID for [\\?\GLOBALROOT\device\harddisk0\partition2\][gle=0x000003ed]
2025-06-16 11:07:28, Error                        0x800703ed in PushButtonReset::Path::SameVolume (base\reset\util\src\filesystem.cpp:774): Failed to look up volume GUID for [\\?\GLOBALROOT\device\harddisk0\partition2\][gle=0x000003ed]
2025-06-16 11:07:28, Error                        0x800703ed in PushButtonReset::Path::SameVolume (base\reset\util\src\filesystem.cpp:774): Failed to look up volume GUID for [\\?\GLOBALROOT\device\harddisk0\partition2\][gle=0x000003ed]
2025-06-16 11:07:28, Error                        0x800703ed in PushButtonReset::Path::SameVolume (base\reset\util\src\filesystem.cpp:774): Failed to look up volume GUID for [\\?\GLOBALROOT\device\harddisk0\partition2\][gle=0x000003ed]
2025-06-16 11:07:28, Error                        0x800703ed in PushButtonReset::Path::SameVolume (base\reset\util\src\filesystem.cpp:774): Failed to look up volume GUID for [\\?\GLOBALROOT\device\harddisk0\partition2\][gle=0x000003ed]
2025-06-16 11:07:28, Error                        0x800703ed in PushButtonReset::Path::SameVolume (base\reset\util\src\filesystem.cpp:774): Failed to look up volume GUID for [\\?\GLOBALROOT\device\harddisk0\partition2\][gle=0x000003ed]
2025-06-16 11:07:28, Error                        0x800703ed in PushButtonReset::Path::SameVolume (base\reset\util\src\filesystem.cpp:774): Failed to look up volume GUID for [\\?\GLOBALROOT\device\harddisk0\partition2\][gle=0x000003ed]
2025-06-16 11:07:28, Error                        0x800703ed in PushButtonReset::Path::SameVolume (base\reset\util\src\filesystem.cpp:774): Failed to look up volume GUID for [\\?\GLOBALROOT\device\harddisk0\partition2\][gle=0x000003ed]
2025-06-16 11:07:28, Error                        0x800703ed in PushButtonReset::Path::SameVolume (base\reset\util\src\filesystem.cpp:774): Failed to look up volume GUID for [\\?\GLOBALROOT\device\harddisk0\partition2\][gle=0x000003ed]
2025-06-16 11:07:28, Error                        0x800703ed in PushButtonReset::Path::SameVolume (base\reset\util\src\filesystem.cpp:774): Failed to look up volume GUID for [\\?\GLOBALROOT\device\harddisk0\partition2\][gle=0x000003ed]
2025-06-16 11:07:28, Error                        0x800703ed in PushButtonReset::Path::SameVolume (base\reset\util\src\filesystem.cpp:774): Failed to look up volume GUID for [\\?\GLOBALROOT\device\harddisk0\partition2\][gle=0x000003ed]
2025-06-16 11:07:28, Error                        0x800703ed in PushButtonReset::Path::SameVolume (base\reset\util\src\filesystem.cpp:774): Failed to look up volume GUID for [\\?\GLOBALROOT\device\harddisk0\partition2\][gle=0x000003ed]
2025-06-16 11:07:28, Error                        0x800703ed in PushButtonReset::Path::SameVolume (base\reset\util\src\filesystem.cpp:774): Failed to look up volume GUID for [\\?\GLOBALROOT\device\harddisk0\partition2\][gle=0x000003ed]
2025-06-16 11:07:28, Error                        0x800703ed in PushButtonReset::Path::SameVolume (base\reset\util\src\filesystem.cpp:774): Failed to look up volume GUID for [\\?\GLOBALROOT\device\harddisk0\partition2\][gle=0x000003ed]
2025-06-16 11:07:28, Error                        0x800703ed in PushButtonReset::Path::SameVolume (base\reset\util\src\filesystem.cpp:774): Failed to look up volume GUID for [\\?\GLOBALROOT\device\harddisk0\partition2\][gle=0x000003ed]
2025-06-16 11:07:29, Error                        0x800703ed in PushButtonReset::Path::SameVolume (base\reset\util\src\filesystem.cpp:774): Failed to look up volume GUID for [\\?\GLOBALROOT\device\harddisk0\partition2\][gle=0x000003ed]
2025-06-16 11:07:29, Error                        0x800703ed in PushButtonReset::Path::SameVolume (base\reset\util\src\filesystem.cpp:774): Failed to look up volume GUID for [\\?\GLOBALROOT\device\harddisk0\partition2\][gle=0x000003ed]
2025-06-16 11:07:29, Error                        0x800703ed in PushButtonReset::Path::SameVolume (base\reset\util\src\filesystem.cpp:774): Failed to look up volume GUID for [\\?\GLOBALROOT\device\harddisk0\partition2\][gle=0x000003ed]
2025-06-16 11:07:29, Error                        0x800703ed in PushButtonReset::Path::SameVolume (base\reset\util\src\filesystem.cpp:774): Failed to look up volume GUID for [\\?\GLOBALROOT\device\harddisk0\partition2\][gle=0x000003ed]
2025-06-16 11:07:29, Error                        0x800703ed in PushButtonReset::Path::SameVolume (base\reset\util\src\filesystem.cpp:774): Failed to look up volume GUID for [\\?\GLOBALROOT\device\harddisk0\partition2\][gle=0x000003ed]
2025-06-16 11:07:29, Error                        0x800703ed in PushButtonReset::Path::SameVolume (base\reset\util\src\filesystem.cpp:774): Failed to look up volume GUID for [\\?\GLOBALROOT\device\harddisk0\partition2\][gle=0x000003ed]
2025-06-16 11:07:29, Error                        0x800703ed in PushButtonReset::Path::SameVolume (base\reset\util\src\filesystem.cpp:774): Failed to look up volume GUID for [\\?\GLOBALROOT\device\harddisk0\partition2\][gle=0x000003ed]
2025-06-16 11:07:29, Error                        0x800703ed in PushButtonReset::Path::SameVolume (base\reset\util\src\filesystem.cpp:774): Failed to look up volume GUID for [\\?\GLOBALROOT\device\harddisk0\partition2\][gle=0x000003ed]
2025-06-16 11:07:29, Error                        0x800703ed in PushButtonReset::Path::SameVolume (base\reset\util\src\filesystem.cpp:774): Failed to look up volume GUID for [\\?\GLOBALROOT\device\harddisk0\partition2\][gle=0x000003ed]
2025-06-16 11:07:29, Error                        0x800703ed in PushButtonReset::Path::SameVolume (base\reset\util\src\filesystem.cpp:774): Failed to look up volume GUID for [\\?\GLOBALROOT\device\harddisk0\partition2\][gle=0x000003ed]
2025-06-16 11:07:29, Error                        0x800703ed in PushButtonReset::Path::SameVolume (base\reset\util\src\filesystem.cpp:774): Failed to look up volume GUID for [\\?\GLOBALROOT\device\harddisk0\partition2\][gle=0x000003ed]
2025-06-16 11:07:29, Error                        0x800703ed in PushButtonReset::Path::SameVolume (base\reset\util\src\filesystem.cpp:774): Failed to look up volume GUID for [\\?\GLOBALROOT\device\harddisk0\partition2\][gle=0x000003ed]
2025-06-16 11:07:29, Error                        0x800703ed in PushButtonReset::Path::SameVolume (base\reset\util\src\filesystem.cpp:774): Failed to look up volume GUID for [\\?\GLOBALROOT\device\harddisk0\partition2\][gle=0x000003ed]
2025-06-16 11:07:29, Error                        0x800703ed in PushButtonReset::Path::SameVolume (base\reset\util\src\filesystem.cpp:774): Failed to look up volume GUID for [\\?\GLOBALROOT\device\harddisk0\partition2\][gle=0x000003ed]
2025-06-16 11:07:29, Error                        0x800703ed in PushButtonReset::Path::SameVolume (base\reset\util\src\filesystem.cpp:774): Failed to look up volume GUID for [\\?\GLOBALROOT\device\harddisk0\partition2\][gle=0x000003ed]
2025-06-16 11:07:29, Error                        0x800703ed in PushButtonReset::Path::SameVolume (base\reset\util\src\filesystem.cpp:774): Failed to look up volume GUID for [\\?\GLOBALROOT\device\harddisk0\partition2\][gle=0x000003ed]
2025-06-16 11:07:29, Error                        0x800703ed in PushButtonReset::Path::SameVolume (base\reset\util\src\filesystem.cpp:774): Failed to look up volume GUID for [\\?\GLOBALROOT\device\harddisk0\partition2\][gle=0x000003ed]
2025-06-16 11:07:29, Error                        0x800703ed in PushButtonReset::Path::SameVolume (base\reset\util\src\filesystem.cpp:774): Failed to look up volume GUID for [\\?\GLOBALROOT\device\harddisk0\partition2\][gle=0x000003ed]
2025-06-16 11:07:29, Error                        0x800703ed in PushButtonReset::Path::SameVolume (base\reset\util\src\filesystem.cpp:774): Failed to look up volume GUID for [\\?\GLOBALROOT\device\harddisk0\partition2\][gle=0x000003ed]
2025-06-16 11:07:29, Error                        0x800703ed in PushButtonReset::Path::SameVolume (base\reset\util\src\filesystem.cpp:774): Failed to look up volume GUID for [\\?\GLOBALROOT\device\harddisk0\partition2\][gle=0x000003ed]
2025-06-16 11:07:29, Error                        0x800703ed in PushButtonReset::Path::SameVolume (base\reset\util\src\filesystem.cpp:774): Failed to look up volume GUID for [\\?\GLOBALROOT\device\harddisk0\partition2\][gle=0x000003ed]
2025-06-16 11:07:29, Error                        0x800703ed in PushButtonReset::Path::SameVolume (base\reset\util\src\filesystem.cpp:774): Failed to look up volume GUID for [\\?\GLOBALROOT\device\harddisk0\partition2\][gle=0x000003ed]
2025-06-16 11:07:29, Error                        0x800703ed in PushButtonReset::Path::SameVolume (base\reset\util\src\filesystem.cpp:774): Failed to look up volume GUID for [\\?\GLOBALROOT\device\harddisk0\partition2\][gle=0x000003ed]
2025-06-16 11:07:29, Error                        0x800703ed in PushButtonReset::Path::SameVolume (base\reset\util\src\filesystem.cpp:774): Failed to look up volume GUID for [\\?\GLOBALROOT\device\harddisk0\partition2\][gle=0x000003ed]
2025-06-16 11:07:29, Error                        0x800703ed in PushButtonReset::Path::SameVolume (base\reset\util\src\filesystem.cpp:774): Failed to look up volume GUID for [\\?\GLOBALROOT\device\harddisk0\partition2\][gle=0x000003ed]
2025-06-16 11:07:29, Error                        0x800703ed in PushButtonReset::Path::SameVolume (base\reset\util\src\filesystem.cpp:774): Failed to look up volume GUID for [\\?\GLOBALROOT\device\harddisk0\partition2\][gle=0x000003ed]
2025-06-16 11:07:29, Error                        0x800703ed in PushButtonReset::Path::SameVolume (base\reset\util\src\filesystem.cpp:774): Failed to look up volume GUID for [\\?\GLOBALROOT\device\harddisk0\partition2\][gle=0x000003ed]
2025-06-16 11:07:29, Error                        0x800703ed in PushButtonReset::Path::SameVolume (base\reset\util\src\filesystem.cpp:774): Failed to look up volume GUID for [\\?\GLOBALROOT\device\harddisk0\partition2\][gle=0x000003ed]
2025-06-16 11:07:29, Error                        0x800703ed in PushButtonReset::Path::SameVolume (base\reset\util\src\filesystem.cpp:774): Failed to look up volume GUID for [\\?\GLOBALROOT\device\harddisk0\partition2\][gle=0x000003ed]
2025-06-16 11:07:29, Error                        0x800703ed in PushButtonReset::Path::SameVolume (base\reset\util\src\filesystem.cpp:774): Failed to look up volume GUID for [\\?\GLOBALROOT\device\harddisk0\partition2\][gle=0x000003ed]
2025-06-16 11:07:29, Error                        0x800703ed in PushButtonReset::Path::SameVolume (base\reset\util\src\filesystem.cpp:774): Failed to look up volume GUID for [\\?\GLOBALROOT\device\harddisk0\partition2\][gle=0x000003ed]
2025-06-16 11:07:29, Error                        0x800703ed in PushButtonReset::Path::SameVolume (base\reset\util\src\filesystem.cpp:774): Failed to look up volume GUID for [\\?\GLOBALROOT\device\harddisk0\partition2\][gle=0x000003ed]
2025-06-16 11:07:29, Error                        0x800703ed in PushButtonReset::Path::SameVolume (base\reset\util\src\filesystem.cpp:774): Failed to look up volume GUID for [\\?\GLOBALROOT\device\harddisk0\partition2\][gle=0x000003ed]
2025-06-16 11:07:29, Error                        0x800703ed in PushButtonReset::Path::SameVolume (base\reset\util\src\filesystem.cpp:774): Failed to look up volume GUID for [\\?\GLOBALROOT\device\harddisk0\partition2\][gle=0x000003ed]
2025-06-16 11:07:29, Error                        0x800703ed in PushButtonReset::Path::SameVolume (base\reset\util\src\filesystem.cpp:774): Failed to look up volume GUID for [\\?\GLOBALROOT\device\harddisk0\partition2\][gle=0x000003ed]
2025-06-16 11:07:29, Error                        0x800703ed in PushButtonReset::Path::SameVolume (base\reset\util\src\filesystem.cpp:774): Failed to look up volume GUID for [\\?\GLOBALROOT\device\harddisk0\partition2\][gle=0x000003ed]
2025-06-16 11:07:29, Error                        0x800703ed in PushButtonReset::Path::SameVolume (base\reset\util\src\filesystem.cpp:774): Failed to look up volume GUID for [\\?\GLOBALROOT\device\harddisk0\partition2\][gle=0x000003ed]
2025-06-16 11:07:29, Error                        0x800703ed in PushButtonReset::Path::SameVolume (base\reset\util\src\filesystem.cpp:774): Failed to look up volume GUID for [\\?\GLOBALROOT\device\harddisk0\partition2\][gle=0x000003ed]
2025-06-16 11:07:29, Error                        0x800703ed in PushButtonReset::Path::SameVolume (base\reset\util\src\filesystem.cpp:774): Failed to look up volume GUID for [\\?\GLOBALROOT\device\harddisk0\partition2\][gle=0x000003ed]
2025-06-16 11:07:29, Error                        0x800703ed in PushButtonReset::Path::SameVolume (base\reset\util\src\filesystem.cpp:774): Failed to look up volume GUID for [\\?\GLOBALROOT\device\harddisk0\partition2\][gle=0x000003ed]
2025-06-16 11:07:29, Error                        0x800703ed in PushButtonReset::Path::SameVolume (base\reset\util\src\filesystem.cpp:774): Failed to look up volume GUID for [\\?\GLOBALROOT\device\harddisk0\partition2\][gle=0x000003ed]
2025-06-16 11:07:29, Error                        0x800703ed in PushButtonReset::Path::SameVolume (base\reset\util\src\filesystem.cpp:774): Failed to look up volume GUID for [\\?\GLOBALROOT\device\harddisk0\partition2\][gle=0x000003ed]
2025-06-16 11:07:29, Error                        0x800703ed in PushButtonReset::Path::SameVolume (base\reset\util\src\filesystem.cpp:774): Failed to look up volume GUID for [\\?\GLOBALROOT\device\harddisk0\partition2\][gle=0x000003ed]
2025-06-16 11:07:29, Error                        0x800703ed in PushButtonReset::Path::SameVolume (base\reset\util\src\filesystem.cpp:774): Failed to look up volume GUID for [\\?\GLOBALROOT\device\harddisk0\partition2\][gle=0x000003ed]
2025-06-16 11:07:29, Error                        0x800703ed in PushButtonReset::Path::SameVolume (base\reset\util\src\filesystem.cpp:774): Failed to look up volume GUID for [\\?\GLOBALROOT\device\harddisk0\partition2\][gle=0x000003ed]
2025-06-16 11:07:29, Error                        0x800703ed in PushButtonReset::Path::SameVolume (base\reset\util\src\filesystem.cpp:774): Failed to look up volume GUID for [\\?\GLOBALROOT\device\harddisk0\partition2\][gle=0x000003ed]
2025-06-16 11:07:29, Error                        0x800703ed in PushButtonReset::Path::SameVolume (base\reset\util\src\filesystem.cpp:774): Failed to look up volume GUID for [\\?\GLOBALROOT\device\harddisk0\partition2\][gle=0x000003ed]
2025-06-16 11:07:29, Error                        0x800703ed in PushButtonReset::Path::SameVolume (base\reset\util\src\filesystem.cpp:774): Failed to look up volume GUID for [\\?\GLOBALROOT\device\harddisk0\partition2\][gle=0x000003ed]
2025-06-16 11:07:29, Error                        0x800703ed in PushButtonReset::Path::SameVolume (base\reset\util\src\filesystem.cpp:774): Failed to look up volume GUID for [\\?\GLOBALROOT\device\harddisk0\partition2\][gle=0x000003ed]
2025-06-16 11:07:29, Error                        0x800703ed in PushButtonReset::Path::SameVolume (base\reset\util\src\filesystem.cpp:774): Failed to look up volume GUID for [\\?\GLOBALROOT\device\harddisk0\partition2\][gle=0x000003ed]
2025-06-16 11:07:29, Error                        0x800703ed in PushButtonReset::Path::SameVolume (base\reset\util\src\filesystem.cpp:774): Failed to look up volume GUID for [\\?\GLOBALROOT\device\harddisk0\partition2\][gle=0x000003ed]
2025-06-16 11:07:29, Error                        0x800703ed in PushButtonReset::Path::SameVolume (base\reset\util\src\filesystem.cpp:774): Failed to look up volume GUID for [\\?\GLOBALROOT\device\harddisk0\partition2\][gle=0x000003ed]
2025-06-16 11:07:29, Error                        0x800703ed in PushButtonReset::Path::SameVolume (base\reset\util\src\filesystem.cpp:774): Failed to look up volume GUID for [\\?\GLOBALROOT\device\harddisk0\partition2\][gle=0x000003ed]
2025-06-16 11:07:29, Error                        0x800703ed in PushButtonReset::Path::SameVolume (base\reset\util\src\filesystem.cpp:774): Failed to look up volume GUID for [\\?\GLOBALROOT\device\harddisk0\partition2\][gle=0x000003ed]
2025-06-16 11:07:30, Error                        0x800703ed in PushButtonReset::Path::SameVolume (base\reset\util\src\filesystem.cpp:774): Failed to look up volume GUID for [\\?\GLOBALROOT\device\harddisk0\partition2\][gle=0x000003ed]
2025-06-16 11:07:30, Error                        0x800703ed in PushButtonReset::Path::SameVolume (base\reset\util\src\filesystem.cpp:774): Failed to look up volume GUID for [\\?\GLOBALROOT\device\harddisk0\partition2\][gle=0x000003ed]
2025-06-16 11:07:30, Error                        0x800703ed in PushButtonReset::Path::SameVolume (base\reset\util\src\filesystem.cpp:774): Failed to look up volume GUID for [\\?\GLOBALROOT\device\harddisk0\partition2\][gle=0x000003ed]
2025-06-16 11:07:30, Error                        0x800703ed in PushButtonReset::Path::SameVolume (base\reset\util\src\filesystem.cpp:774): Failed to look up volume GUID for [\\?\GLOBALROOT\device\harddisk0\partition2\][gle=0x000003ed]
2025-06-16 11:07:30, Error                        0x800703ed in PushButtonReset::Path::SameVolume (base\reset\util\src\filesystem.cpp:774): Failed to look up volume GUID for [\\?\GLOBALROOT\device\harddisk0\partition2\][gle=0x000003ed]
2025-06-16 11:07:30, Error                        0x800703ed in PushButtonReset::Path::SameVolume (base\reset\util\src\filesystem.cpp:774): Failed to look up volume GUID for [\\?\GLOBALROOT\device\harddisk0\partition2\][gle=0x000003ed]
2025-06-16 11:07:30, Error                        0x800703ed in PushButtonReset::Path::SameVolume (base\reset\util\src\filesystem.cpp:774): Failed to look up volume GUID for [\\?\GLOBALROOT\device\harddisk0\partition2\][gle=0x000003ed]
2025-06-16 11:07:30, Error                        0x800703ed in PushButtonReset::Path::SameVolume (base\reset\util\src\filesystem.cpp:774): Failed to look up volume GUID for [\\?\GLOBALROOT\device\harddisk0\partition2\][gle=0x000003ed]
2025-06-16 11:07:30, Error                        0x800703ed in PushButtonReset::Path::SameVolume (base\reset\util\src\filesystem.cpp:774): Failed to look up volume GUID for [\\?\GLOBALROOT\device\harddisk0\partition2\][gle=0x000003ed]
2025-06-16 11:07:30, Error                        0x800703ed in PushButtonReset::Path::SameVolume (base\reset\util\src\filesystem.cpp:774): Failed to look up volume GUID for [\\?\GLOBALROOT\device\harddisk0\partition2\][gle=0x000003ed]
2025-06-16 11:07:30, Error                        0x800703ed in PushButtonReset::Path::SameVolume (base\reset\util\src\filesystem.cpp:774): Failed to look up volume GUID for [\\?\GLOBALROOT\device\harddisk0\partition2\][gle=0x000003ed]
2025-06-16 11:07:30, Error                        0x800703ed in PushButtonReset::Path::SameVolume (base\reset\util\src\filesystem.cpp:774): Failed to look up volume GUID for [\\?\GLOBALROOT\device\harddisk0\partition2\][gle=0x000003ed]
2025-06-16 11:08:25, Error                        0x80070003 in PushButtonReset::RegKey::HasValue (base\reset\util\src\registry.cpp:187): Failed to load subkey at [Microsoft\Windows\Signature][gle=0x00000002]
2025-06-16 11:08:25, Error                        0x80070003 in PbrGetRestoreToBaselineVal (base\reset\engine\scenario\src\sensetargetos.cpp:69): Does not find registry key of PushButtonReset[gle=0x00000002]
2025-06-16 11:08:25, Error                        0x80070002 in PbrGetEnablePreviewBuilds (base\reset\engine\scenario\src\sensetargetos.cpp:896): Unable to get the EnablePreviewBuilds value from the registry[gle=0x00000002]
2025-06-16 11:08:54, Error                        pGetUninstallInterfaceCommon: Failed loading the setupplatform, hr = 0x80070490[gle=0x00000003]
2025-06-16 11:08:55, Error                        0x80070005 in PushButtonReset::Path::AreEqual (base\reset\util\src\filesystem.cpp:834): Failed to open [\\?\D:\hiberfil.sys] for read[gle=0x00000005]
2025-06-16 11:08:55, Error                        0x80070005 in PushButtonReset::Path::IsSubpath (base\reset\util\src\filesystem.cpp:924): Failed to check whether [D:\hiberfil.sys] and [D:\$WINRE_BACKUP_PARTITION.MARKER] are the same path[gle=0x00000005]
2025-06-16 11:08:55, Error                        0x80070005 in PushButtonReset::Path::AreEqual (base\reset\util\src\filesystem.cpp:834): Failed to open [\\?\D:\hiberfil.sys] for read[gle=0x00000005]
2025-06-16 11:08:55, Error                        0x80070005 in PushButtonReset::Path::IsSubpath (base\reset\util\src\filesystem.cpp:924): Failed to check whether [D:\hiberfil.sys] and [D:\DumpStack.log.tmp] are the same path[gle=0x00000005]
2025-06-16 11:08:55, Error                        0x80070005 in PushButtonReset::Path::AreEqual (base\reset\util\src\filesystem.cpp:834): Failed to open [\\?\D:\hiberfil.sys] for read[gle=0x00000005]
2025-06-16 11:08:55, Error                        0x80070005 in PushButtonReset::Path::IsSubpath (base\reset\util\src\filesystem.cpp:924): Failed to check whether [D:\hiberfil.sys] and [D:\swapfile.sys] are the same path[gle=0x00000005]
2025-06-16 11:08:59, Error                        [sysreset.exe]  (WinRE)WinReIsInstalledOnSystemPartitionInternal() Invalid parameters
2025-06-16 11:24:10, Error                 SP         BFSVC: USE_EX_BINS flag is specified, but 2023 cert is not in db
2025-06-16 11:24:11, Error                 SP         BFSVC: AddBootmgrLast and PreserveBootOrder options are ignored when custom volume is specified
2025-06-16 11:24:11, Error                 SP         BFSVC: AddBootmgrLast and PreserveBootOrder options are ignored when custom volume is specified
2025-06-16 11:24:13, Error                        Service DiagTrack is not available
2025-06-16 11:37:50, Error                        0x800703ed in PushButtonReset::Path::SameVolume (base\reset\util\src\filesystem.cpp:774): Failed to look up volume GUID for [\\?\GLOBALROOT\device\harddisk0\partition2\][gle=0x000003ed]
2025-06-16 11:37:50, Error                        0x800703ed in PushButtonReset::Path::SameVolume (base\reset\util\src\filesystem.cpp:774): Failed to look up volume GUID for [\\?\GLOBALROOT\device\harddisk0\partition2\][gle=0x000003ed]
2025-06-16 11:37:50, Error                        0x800703ed in PushButtonReset::Path::SameVolume (base\reset\util\src\filesystem.cpp:774): Failed to look up volume GUID for [\\?\GLOBALROOT\device\harddisk0\partition2\][gle=0x000003ed]
2025-06-16 11:37:50, Error                        0x800703ed in PushButtonReset::Path::SameVolume (base\reset\util\src\filesystem.cpp:774): Failed to look up volume GUID for [\\?\GLOBALROOT\device\harddisk0\partition2\][gle=0x000003ed]
2025-06-16 11:37:50, Error                        0x800703ed in PushButtonReset::Path::SameVolume (base\reset\util\src\filesystem.cpp:774): Failed to look up volume GUID for [\\?\GLOBALROOT\device\harddisk0\partition2\][gle=0x000003ed]
2025-06-16 11:37:50, Error                        CopyFile(X:\SysResetTrace-Tel-Merge.etl, D:\$WINDOWS.~BT\Sources\Panther\SysResetTrace-Tel-Merge.etl) failed. Error: 0x00000003
